# JRE version: OpenJDK Runtime Environment (12.0.2+10) (build 12.0.2+10)
# Java VM: OpenJDK 64-Bit Server VM (12.0.2+10, mixed mode, tiered, compressed oops, g1 gc, bsd-amd64)
Heap:
 garbage-first heap   total 34816K, used 17282K [0x0000000780000000, 0x0000000800000000)
  region size 1024K, 2 young (2048K), 1 survivors (1024K)
 Metaspace       used 21225K, capacity 21627K, committed 22016K, reserved 1069056K
  class space    used 2280K, capacity 2450K, committed 2560K, reserved 1048576K
GC Heap History (10 events):
Event: 2021.615 GC heap before
{Heap before GC invocations=4 (full 0):
 garbage-first heap   total 34816K, used 18232K [0x0000000780000000, 0x0000000800000000)
  region size 1024K, 12 young (12288K), 4 survivors (4096K)
 Metaspace       used 21072K, capacity 21494K, committed 21760K, reserved 1069056K
  class space    used 2280K, capacity 2450K, committed 2560K, reserved 1048576K
}
Event: 2021.616 GC heap after
{Heap after GC invocations=5 (full 0):
 garbage-first heap   total 34816K, used 11853K [0x0000000780000000, 0x0000000800000000)
  region size 1024K, 2 young (2048K), 2 survivors (2048K)
 Metaspace       used 21072K, capacity 21494K, committed 21760K, reserved 1069056K
  class space    used 2280K, capacity 2450K, committed 2560K, reserved 1048576K
}
Event: 2022.155 GC heap before
{Heap before GC invocations=5 (full 0):
 garbage-first heap   total 34816K, used 19021K [0x0000000780000000, 0x0000000800000000)
  region size 1024K, 10 young (10240K), 2 survivors (2048K)
 Metaspace       used 21116K, capacity 21562K, committed 21760K, reserved 1069056K
  class space    used 2280K, capacity 2450K, committed 2560K, reserved 1048576K
}
Event: 2022.156 GC heap after
{Heap after GC invocations=6 (full 0):
 garbage-first heap   total 34816K, used 13373K [0x0000000780000000, 0x0000000800000000)
  region size 1024K, 2 young (2048K), 2 survivors (2048K)
 Metaspace       used 21116K, capacity 21562K, committed 21760K, reserved 1069056K
  class space    used 2280K, capacity 2450K, committed 2560K, reserved 1048576K
}
Event: 2022.425 GC heap before
{Heap before GC invocations=6 (full 0):
 garbage-first heap   total 34816K, used 19517K [0x0000000780000000, 0x0000000800000000)
  region size 1024K, 9 young (9216K), 2 survivors (2048K)
 Metaspace       used 21172K, capacity 21563K, committed 21760K, reserved 1069056K
  class space    used 2280K, capacity 2450K, committed 2560K, reserved 1048576K
}
Event: 2022.426 GC heap after
{Heap after GC invocations=7 (full 0):
 garbage-first heap   total 34816K, used 15971K [0x0000000780000000, 0x0000000800000000)
  region size 1024K, 2 young (2048K), 2 survivors (2048K)
 Metaspace       used 21172K, capacity 21563K, committed 21760K, reserved 1069056K
  class space    used 2280K, capacity 2450K, committed 2560K, reserved 1048576K
}
Event: 2022.751 GC heap before
{Heap before GC invocations=7 (full 0):
 garbage-first heap   total 34816K, used 22115K [0x0000000780000000, 0x0000000800000000)
  region size 1024K, 8 young (8192K), 2 survivors (2048K)
 Metaspace       used 21192K, capacity 21627K, committed 22016K, reserved 1069056K
  class space    used 2280K, capacity 2450K, committed 2560K, reserved 1048576K
}
Event: 2022.752 GC heap after
{Heap after GC invocations=8 (full 0):
 garbage-first heap   total 34816K, used 16599K [0x0000000780000000, 0x0000000800000000)
  region size 1024K, 1 young (1024K), 1 survivors (1024K)
 Metaspace       used 21192K, capacity 21627K, committed 22016K, reserved 1069056K
  class space    used 2280K, capacity 2450K, committed 2560K, reserved 1048576K
}
Event: 2023.099 GC heap before
{Heap before GC invocations=8 (full 0):
 garbage-first heap   total 34816K, used 22743K [0x0000000780000000, 0x0000000800000000)
  region size 1024K, 7 young (7168K), 1 survivors (1024K)
 Metaspace       used 21221K, capacity 21627K, committed 22016K, reserved 1069056K
  class space    used 2280K, capacity 2450K, committed 2560K, reserved 1048576K
}
Event: 2023.100 GC heap after
{Heap after GC invocations=9 (full 0):
 garbage-first heap   total 34816K, used 17282K [0x0000000780000000, 0x0000000800000000)
  region size 1024K, 1 young (1024K), 1 survivors (1024K)
 Metaspace       used 21221K, capacity 21627K, committed 22016K, reserved 1069056K
  class space    used 2280K, capacity 2450K, committed 2560K, reserved 1048576K
}

